<?xml version="1.0" encoding="UTF-8"?>
<!-- Generated by org.testng.reporters.JUnitXMLReporter -->
<testsuite hostname="ez-L-125" ignored="2" name="ShaipAutomation1" tests="1" failures="0" timestamp="2021-08-27T17:21:33 IST" time="14.139" errors="0">
  <testcase name="trial_method_2" time="3.697" classname="shaip_testcases.trial2"/>
  <testcase name="trial_method_1" time="0.0" classname="shaip_testcases.trial">
    <ignored/>
  </testcase> <!-- trial_method_1 -->
  <testcase name="trial_method_3" time="0.0" classname="shaip_testcases.trial3">
    <ignored/>
  </testcase> <!-- trial_method_3 -->
</testsuite> <!-- ShaipAutomation1 -->
