<?xml version="1.0" encoding="UTF-8"?>
<!-- Generated by org.testng.reporters.JUnitXMLReporter -->
<testsuite ignored="0" hostname="ez-L-125" failures="0"
	tests="3" name="ShaipAutomation" time="17.516" errors="0"
	timestamp="2021-08-20T19:32:43 IST">
	<testcase classname="shaip_testcases.trial" name="trialmethod"
		time="0.007" />
	<testcase classname="shaip_testcases.trial2"
		name="trialmethod" time="0.002" />
	<testcase classname="shaip_testcases.trial3"
		name="trialmethod" time="0.002" />
</testsuite> <!-- ShaipAutomation -->
